0
0
1
5
23
119
719
5039
40319
362879
3628799
39916799
479001599
6227020799
87178291199
1307674367999
20922789887999
355687428095999
6402373705727999
121645100408831999
2432902008176639999
51090942171709439999
1124000727777607679999
25852016738884976639999
620448401733239439359999
15511210043330985983999999
403291461126605635583999999
10888869450418352160767999999
304888344611713860501503999999
8841761993739701954543615999999
265252859812191058636308479999999
8222838654177922817725562879999999
263130836933693530167218012159999999
8683317618811886495518194401279999999
295232799039604140847618609643519999999
10333147966386144929666651337523199999999
371993326789901217467999448150835199999999
13763753091226345046315979581580902399999999
523022617466601111760007224100074291199999999
20397882081197443358640281739902897356799999999
815915283247897734345611269596115894271999999999
33452526613163807108170062053440751665151999999999
1405006117752879898543142606244511569936383999999999
60415263063373835637355132068513997507264511999999999
2658271574788448768043625811014615890319638527999999999
119622220865480194561963161495657715064383733759999999999
5502622159812088949850305428800254892961651752959999999999
258623241511168180642964355153611979969197632389119999999999
12413915592536072670862289047373375038521486354677759999999999
608281864034267560872252163321295376887552831379210239999999999
30414093201713378043612608166064768844377641568960511999999999999
